2014/03/17 19:51:59 [error] [exception.CException] exception 'CException' with message 'Property "CWebUser.isAdmin" is not defined.' in C:\xampp\htdocs\yii\framework\base\CComponent.php:130
Stack trace:
#0 C:\xampp\htdocs\yii\framework\web\auth\CWebUser.php(146): CComponent->__get('isAdmin')
#1 C:\xampp\htdocs\yii\SistemaReservaSalasYii\protected\views\layouts\main.php(36): CWebUser->__get('isAdmin')
#2 C:\xampp\htdocs\yii\framework\web\CBaseController.php(126): require('C:\xampp\htdocs...')
#3 C:\xampp\htdocs\yii\framework\web\CBaseController.php(95): CBaseController->renderInternal('C:\xampp\htdocs...', Array, true)
#4 C:\xampp\htdocs\yii\framework\web\widgets\CContentDecorator.php(76): CBaseController->renderFile('C:\xampp\htdocs...', Array, true)
#5 C:\xampp\htdocs\yii\framework\web\widgets\CContentDecorator.php(54): CContentDecorator->decorate('<div id="conten...')
#6 C:\xampp\htdocs\yii\framework\web\widgets\COutputProcessor.php(44): CContentDecorator->processOutput('<div id="conten...')
#7 C:\xampp\htdocs\yii\framework\web\CBaseController.php(206): COutputProcessor->run()
#8 C:\xampp\htdocs\yii\framework\web\CBaseController.php(300): CBaseController->endWidget('CContentDecorat...')
#9 C:\xampp\htdocs\yii\SistemaReservaSalasYii\protected\views\layouts\column1.php(6): CBaseController->endContent()
#10 C:\xampp\htdocs\yii\framework\web\CBaseController.php(126): require('C:\xampp\htdocs...')
#11 C:\xampp\htdocs\yii\framework\web\CBaseController.php(95): CBaseController->renderInternal('C:\xampp\htdocs...', Array, true)
#12 C:\xampp\htdocs\yii\framework\web\CController.php(784): CBaseController->renderFile('C:\xampp\htdocs...', Array, true)
#13 C:\xampp\htdocs\yii\SistemaReservaSalasYii\protected\controllers\SiteController.php(32): CController->render('index')
#14 C:\xampp\htdocs\yii\framework\web\actions\CInlineAction.php(49): SiteController->actionIndex()
#15 C:\xampp\htdocs\yii\framework\web\CController.php(308): CInlineAction->runWithParams(Array)
#16 C:\xampp\htdocs\yii\framework\web\CController.php(286): CController->runAction(Object(CInlineAction))
#17 C:\xampp\htdocs\yii\framework\web\CController.php(265): CController->runActionWithFilters(Object(CInlineAction), Array)
#18 C:\xampp\htdocs\yii\framework\web\CWebApplication.php(282): CController->run('index')
#19 C:\xampp\htdocs\yii\framework\web\CWebApplication.php(141): CWebApplication->runController('site/index')
#20 C:\xampp\htdocs\yii\framework\base\CApplication.php(180): CWebApplication->processRequest()
#21 C:\xampp\htdocs\yii\SistemaReservaSalasYii\index.php(13): CApplication->run()
#22 {main}
REQUEST_URI=/yii/SistemaReservaSalasYii/index.php?r=site/index
HTTP_REFERER=http://127.0.0.1/yii/SistemaReservaSalasYii/index.php?r=sala/view&id=2
---
2014/03/17 20:04:29 [error] [exception.CHttpException.403] exception 'CHttpException' with message 'You are not authorized to perform this action.' in C:\xampp\htdocs\yii\framework\web\auth\CAccessControlFilter.php:182
Stack trace:
#0 C:\xampp\htdocs\yii\framework\web\auth\CAccessControlFilter.php(145): CAccessControlFilter->accessDenied(Object(CWebUser), 'You are not aut...')
#1 C:\xampp\htdocs\yii\framework\web\filters\CFilter.php(38): CAccessControlFilter->preFilter(Object(CFilterChain))
#2 C:\xampp\htdocs\yii\framework\web\CController.php(1145): CFilter->filter(Object(CFilterChain))
#3 C:\xampp\htdocs\yii\framework\web\filters\CInlineFilter.php(58): CController->filterAccessControl(Object(CFilterChain))
#4 C:\xampp\htdocs\yii\framework\web\filters\CFilterChain.php(130): CInlineFilter->filter(Object(CFilterChain))
#5 C:\xampp\htdocs\yii\framework\web\CController.php(291): CFilterChain->run()
#6 C:\xampp\htdocs\yii\framework\web\CController.php(265): CController->runActionWithFilters(Object(CInlineAction), Array)
#7 C:\xampp\htdocs\yii\framework\web\CWebApplication.php(282): CController->run('reservasala')
#8 C:\xampp\htdocs\yii\framework\web\CWebApplication.php(141): CWebApplication->runController('reservasala/res...')
#9 C:\xampp\htdocs\yii\framework\base\CApplication.php(180): CWebApplication->processRequest()
#10 C:\xampp\htdocs\yii\SistemaReservaSalasYii\index.php(13): CApplication->run()
#11 {main}
REQUEST_URI=/yii/SistemaReservaSalasYii/index.php?r=reservasala/reservasala
---
2014/03/19 21:12:36 [error] [system.db.CDbCommand] CDbCommand::fetchAll() failed: SQLSTATE[42S02]: Base table or view not found: 1146 Table 'reserva_salas_db.cruge_session' doesn't exist. The SQL statement executed was: SHOW FULL COLUMNS FROM `cruge_session`.
in C:\xampp\htdocs\yii\SistemaReservaSalasYii\protected\modules\cruge\models\data\CrugeSession.php (90)
in C:\xampp\htdocs\yii\SistemaReservaSalasYii\protected\modules\cruge\components\CrugeFactory.php (46)
in C:\xampp\htdocs\yii\SistemaReservaSalasYii\protected\modules\cruge\components\CrugeUserManager.php (412)
2014/03/19 21:12:36 [error] [exception.CDbException] exception 'CDbException' with message 'The table "cruge_session" for active record class "CrugeSession" cannot be found in the database.' in C:\xampp\htdocs\yii\framework\db\ar\CActiveRecord.php:2362
Stack trace:
#0 C:\xampp\htdocs\yii\framework\db\ar\CActiveRecord.php(411): CActiveRecordMetaData->__construct(Object(CrugeSession))
#1 C:\xampp\htdocs\yii\framework\db\ar\CActiveRecord.php(658): CActiveRecord->getMetaData()
#2 C:\xampp\htdocs\yii\framework\db\ar\CActiveRecord.php(1485): CActiveRecord->getTableSchema()
#3 C:\xampp\htdocs\yii\SistemaReservaSalasYii\protected\modules\cruge\models\data\CrugeSession.php(90): CActiveRecord->findByPk('0')
#4 C:\xampp\htdocs\yii\SistemaReservaSalasYii\protected\modules\cruge\components\CrugeFactory.php(46): CrugeSession::loadModel('0')
#5 C:\xampp\htdocs\yii\SistemaReservaSalasYii\protected\modules\cruge\components\CrugeUserManager.php(412): CrugeFactory->getICrugeSession('0')
#6 C:\xampp\htdocs\yii\SistemaReservaSalasYii\protected\modules\cruge\components\CrugeWebUser.php(451): CrugeUserManager->loadSession('0')
#7 C:\xampp\htdocs\yii\SistemaReservaSalasYii\protected\modules\cruge\components\CrugeWebUser.php(229): CrugeWebUser->getICrugeSession()
#8 C:\xampp\htdocs\yii\SistemaReservaSalasYii\protected\modules\cruge\components\CrugeWebUser.php(242): CrugeWebUser->getId()
#9 C:\xampp\htdocs\yii\framework\web\auth\CWebUser.php(200): CrugeWebUser->getIsGuest()
#10 C:\xampp\htdocs\yii\SistemaReservaSalasYii\protected\modules\cruge\components\CrugeWebUser.php(45): CWebUser->init()
#11 C:\xampp\htdocs\yii\framework\base\CModule.php(387): CrugeWebUser->init()
#12 C:\xampp\htdocs\yii\framework\base\CModule.php(103): CModule->getComponent('user')
#13 C:\xampp\htdocs\yii\SistemaReservaSalasYii\protected\views\layouts\main.php(32): CModule->__get('user')
#14 C:\xampp\htdocs\yii\framework\web\CBaseController.php(126): require('C:\xampp\htdocs...')
#15 C:\xampp\htdocs\yii\framework\web\CBaseController.php(95): CBaseController->renderInternal('C:\xampp\htdocs...', Array, true)
#16 C:\xampp\htdocs\yii\framework\web\widgets\CContentDecorator.php(76): CBaseController->renderFile('C:\xampp\htdocs...', Array, true)
#17 C:\xampp\htdocs\yii\framework\web\widgets\CContentDecorator.php(54): CContentDecorator->decorate('<div id="conten...')
#18 C:\xampp\htdocs\yii\framework\web\widgets\COutputProcessor.php(44): CContentDecorator->processOutput('<div id="conten...')
#19 C:\xampp\htdocs\yii\framework\web\CBaseController.php(206): COutputProcessor->run()
#20 C:\xampp\htdocs\yii\framework\web\CBaseController.php(300): CBaseController->endWidget('CContentDecorat...')
#21 C:\xampp\htdocs\yii\SistemaReservaSalasYii\protected\views\layouts\column1.php(6): CBaseController->endContent()
#22 C:\xampp\htdocs\yii\framework\web\CBaseController.php(126): require('C:\xampp\htdocs...')
#23 C:\xampp\htdocs\yii\framework\web\CBaseController.php(95): CBaseController->renderInternal('C:\xampp\htdocs...', Array, true)
#24 C:\xampp\htdocs\yii\framework\web\CController.php(784): CBaseController->renderFile('C:\xampp\htdocs...', Array, true)
#25 C:\xampp\htdocs\yii\SistemaReservaSalasYii\protected\controllers\SiteController.php(32): CController->render('index')
#26 C:\xampp\htdocs\yii\framework\web\actions\CInlineAction.php(49): SiteController->actionIndex()
#27 C:\xampp\htdocs\yii\framework\web\CController.php(308): CInlineAction->runWithParams(Array)
#28 C:\xampp\htdocs\yii\framework\web\CController.php(286): CController->runAction(Object(CInlineAction))
#29 C:\xampp\htdocs\yii\framework\web\CController.php(265): CController->runActionWithFilters(Object(CInlineAction), Array)
#30 C:\xampp\htdocs\yii\framework\web\CWebApplication.php(282): CController->run('')
#31 C:\xampp\htdocs\yii\framework\web\CWebApplication.php(141): CWebApplication->runController('')
#32 C:\xampp\htdocs\yii\framework\base\CApplication.php(180): CWebApplication->processRequest()
#33 C:\xampp\htdocs\yii\SistemaReservaSalasYii\index.php(13): CApplication->run()
#34 {main}
REQUEST_URI=/yii/SistemaReservaSalasYii/index.php
---
2014/03/19 21:18:06 [error] [exception.CrugeException.500] Por favor cambie las referencias a 'UserIdentity' por 'CrugeUser'<br/>500
REQUEST_URI=/yii/SistemaReservaSalasYii/index.php?r=site/login
HTTP_REFERER=http://127.0.0.1/yii/SistemaReservaSalasYii/index.php?r=site/login
---
2014/03/20 14:19:39 [error] [exception.CException] exception 'CException' with message 'Property "Sala.rut" is not defined.' in C:\xampp\htdocs\yii\framework\base\CComponent.php:130
Stack trace:
#0 C:\xampp\htdocs\yii\framework\db\ar\CActiveRecord.php(145): CComponent->__get('rut')
#1 C:\xampp\htdocs\yii\framework\web\helpers\CHtml.php(2529): CActiveRecord->__get('rut')
#2 C:\xampp\htdocs\yii\framework\web\helpers\CHtml.php(2252): CHtml::resolveValue(Object(Sala), 'rut')
#3 C:\xampp\htdocs\yii\framework\web\helpers\CHtml.php(1434): CHtml::activeInputField('text', Object(Sala), 'rut', Array)
#4 C:\xampp\htdocs\yii\framework\web\widgets\CActiveForm.php(725): CHtml::activeTextField(Object(Sala), 'rut', Array)
#5 C:\xampp\htdocs\yii\SistemaReservaSalasYii\protected\views\reservaSala\_search.php(16): CActiveForm->textField(Object(Sala), 'rut', Array)
#6 C:\xampp\htdocs\yii\framework\web\CBaseController.php(126): require('C:\xampp\htdocs...')
#7 C:\xampp\htdocs\yii\framework\web\CBaseController.php(95): CBaseController->renderInternal('C:\xampp\htdocs...', Array, true)
#8 C:\xampp\htdocs\yii\framework\web\CController.php(869): CBaseController->renderFile('C:\xampp\htdocs...', Array, true)
#9 C:\xampp\htdocs\yii\SistemaReservaSalasYii\protected\views\reservaSala\reservaSala.php(22): CController->renderPartial('_search', Array)
#10 C:\xampp\htdocs\yii\framework\web\CBaseController.php(126): require('C:\xampp\htdocs...')
#11 C:\xampp\htdocs\yii\framework\web\CBaseController.php(95): CBaseController->renderInternal('C:\xampp\htdocs...', Array, true)
#12 C:\xampp\htdocs\yii\framework\web\CController.php(869): CBaseController->renderFile('C:\xampp\htdocs...', Array, true)
#13 C:\xampp\htdocs\yii\framework\web\CController.php(782): CController->renderPartial('reservaSala', Array, true)
#14 C:\xampp\htdocs\yii\SistemaReservaSalasYii\protected\controllers\ReservaSalaController.php(64): CController->render('reservaSala', Array)
#15 C:\xampp\htdocs\yii\framework\web\actions\CInlineAction.php(49): ReservaSalaController->actionReservaSala()
#16 C:\xampp\htdocs\yii\framework\web\CController.php(308): CInlineAction->runWithParams(Array)
#17 C:\xampp\htdocs\yii\framework\web\filters\CFilterChain.php(133): CController->runAction(Object(CInlineAction))
#18 C:\xampp\htdocs\yii\framework\web\filters\CFilter.php(40): CFilterChain->run()
#19 C:\xampp\htdocs\yii\framework\web\CController.php(1145): CFilter->filter(Object(CFilterChain))
#20 C:\xampp\htdocs\yii\framework\web\filters\CInlineFilter.php(58): CController->filterAccessControl(Object(CFilterChain))
#21 C:\xampp\htdocs\yii\framework\web\filters\CFilterChain.php(130): CInlineFilter->filter(Object(CFilterChain))
#22 C:\xampp\htdocs\yii\framework\web\CController.php(291): CFilterChain->run()
#23 C:\xampp\htdocs\yii\framework\web\CController.php(265): CController->runActionWithFilters(Object(CInlineAction), Array)
#24 C:\xampp\htdocs\yii\framework\web\CWebApplication.php(282): CController->run('reservasala')
#25 C:\xampp\htdocs\yii\framework\web\CWebApplication.php(141): CWebApplication->runController('reservasala/res...')
#26 C:\xampp\htdocs\yii\framework\base\CApplication.php(180): CWebApplication->processRequest()
#27 C:\xampp\htdocs\yii\SistemaReservaSalasYii\index.php(13): CApplication->run()
#28 {main}
REQUEST_URI=/yii/SistemaReservaSalasYii/index.php?r=reservasala/reservasala
HTTP_REFERER=http://127.0.0.1/yii/SistemaReservaSalasYii/index.php?r=cruge/ui/login
---
2014/03/20 14:20:55 [error] [exception.CException] exception 'CException' with message 'Property "Sala.rut" is not defined.' in C:\xampp\htdocs\yii\framework\base\CComponent.php:130
Stack trace:
#0 C:\xampp\htdocs\yii\framework\db\ar\CActiveRecord.php(145): CComponent->__get('rut')
#1 C:\xampp\htdocs\yii\framework\web\helpers\CHtml.php(2529): CActiveRecord->__get('rut')
#2 C:\xampp\htdocs\yii\framework\web\helpers\CHtml.php(2252): CHtml::resolveValue(Object(Sala), 'rut')
#3 C:\xampp\htdocs\yii\framework\web\helpers\CHtml.php(1434): CHtml::activeInputField('text', Object(Sala), 'rut', Array)
#4 C:\xampp\htdocs\yii\framework\web\widgets\CActiveForm.php(725): CHtml::activeTextField(Object(Sala), 'rut', Array)
#5 C:\xampp\htdocs\yii\SistemaReservaSalasYii\protected\views\reservaSala\_search.php(16): CActiveForm->textField(Object(Sala), 'rut', Array)
#6 C:\xampp\htdocs\yii\framework\web\CBaseController.php(126): require('C:\xampp\htdocs...')
#7 C:\xampp\htdocs\yii\framework\web\CBaseController.php(95): CBaseController->renderInternal('C:\xampp\htdocs...', Array, true)
#8 C:\xampp\htdocs\yii\framework\web\CController.php(869): CBaseController->renderFile('C:\xampp\htdocs...', Array, true)
#9 C:\xampp\htdocs\yii\SistemaReservaSalasYii\protected\views\reservaSala\reservaSala.php(22): CController->renderPartial('_search', Array)
#10 C:\xampp\htdocs\yii\framework\web\CBaseController.php(126): require('C:\xampp\htdocs...')
#11 C:\xampp\htdocs\yii\framework\web\CBaseController.php(95): CBaseController->renderInternal('C:\xampp\htdocs...', Array, true)
#12 C:\xampp\htdocs\yii\framework\web\CController.php(869): CBaseController->renderFile('C:\xampp\htdocs...', Array, true)
#13 C:\xampp\htdocs\yii\framework\web\CController.php(782): CController->renderPartial('reservaSala', Array, true)
#14 C:\xampp\htdocs\yii\SistemaReservaSalasYii\protected\controllers\ReservaSalaController.php(64): CController->render('reservaSala', Array)
#15 C:\xampp\htdocs\yii\framework\web\actions\CInlineAction.php(49): ReservaSalaController->actionReservaSala()
#16 C:\xampp\htdocs\yii\framework\web\CController.php(308): CInlineAction->runWithParams(Array)
#17 C:\xampp\htdocs\yii\framework\web\filters\CFilterChain.php(133): CController->runAction(Object(CInlineAction))
#18 C:\xampp\htdocs\yii\framework\web\filters\CFilter.php(40): CFilterChain->run()
#19 C:\xampp\htdocs\yii\framework\web\CController.php(1145): CFilter->filter(Object(CFilterChain))
#20 C:\xampp\htdocs\yii\framework\web\filters\CInlineFilter.php(58): CController->filterAccessControl(Object(CFilterChain))
#21 C:\xampp\htdocs\yii\framework\web\filters\CFilterChain.php(130): CInlineFilter->filter(Object(CFilterChain))
#22 C:\xampp\htdocs\yii\framework\web\CController.php(291): CFilterChain->run()
#23 C:\xampp\htdocs\yii\framework\web\CController.php(265): CController->runActionWithFilters(Object(CInlineAction), Array)
#24 C:\xampp\htdocs\yii\framework\web\CWebApplication.php(282): CController->run('reservasala')
#25 C:\xampp\htdocs\yii\framework\web\CWebApplication.php(141): CWebApplication->runController('reservasala/res...')
#26 C:\xampp\htdocs\yii\framework\base\CApplication.php(180): CWebApplication->processRequest()
#27 C:\xampp\htdocs\yii\SistemaReservaSalasYii\index.php(13): CApplication->run()
#28 {main}
REQUEST_URI=/yii/SistemaReservaSalasYii/index.php?r=reservasala/reservasala
HTTP_REFERER=http://127.0.0.1/yii/SistemaReservaSalasYii/index.php?r=cruge/ui/login
---
2014/03/20 15:26:18 [error] [exception.CHttpException.403] exception 'CHttpException' with message 'You are not authorized to perform this action.' in C:\xampp\htdocs\yii\framework\web\auth\CAccessControlFilter.php:182
Stack trace:
#0 C:\xampp\htdocs\yii\framework\web\auth\CAccessControlFilter.php(145): CAccessControlFilter->accessDenied(Object(CrugeWebUser), 'You are not aut...')
#1 C:\xampp\htdocs\yii\framework\web\filters\CFilter.php(38): CAccessControlFilter->preFilter(Object(CFilterChain))
#2 C:\xampp\htdocs\yii\framework\web\CController.php(1145): CFilter->filter(Object(CFilterChain))
#3 C:\xampp\htdocs\yii\framework\web\filters\CInlineFilter.php(58): CController->filterAccessControl(Object(CFilterChain))
#4 C:\xampp\htdocs\yii\framework\web\filters\CFilterChain.php(130): CInlineFilter->filter(Object(CFilterChain))
#5 C:\xampp\htdocs\yii\framework\web\CController.php(291): CFilterChain->run()
#6 C:\xampp\htdocs\yii\framework\web\CController.php(265): CController->runActionWithFilters(Object(CInlineAction), Array)
#7 C:\xampp\htdocs\yii\framework\web\CWebApplication.php(282): CController->run('reservar')
#8 C:\xampp\htdocs\yii\framework\web\CWebApplication.php(141): CWebApplication->runController('reservasala/res...')
#9 C:\xampp\htdocs\yii\framework\base\CApplication.php(180): CWebApplication->processRequest()
#10 C:\xampp\htdocs\yii\SistemaReservaSalasYii\index.php(13): CApplication->run()
#11 {main}
REQUEST_URI=/yii/SistemaReservaSalasYii/index.php?r=reservasala/reservar&id=1
HTTP_REFERER=http://127.0.0.1/yii/SistemaReservaSalasYii/index.php?r=reservasala/reservasala
---
2014/03/20 15:27:35 [error] [exception.CHttpException.400] exception 'CHttpException' with message 'Your request is invalid.' in C:\xampp\htdocs\yii\framework\web\CController.php:336
Stack trace:
#0 C:\xampp\htdocs\yii\framework\web\CController.php(309): CController->invalidActionParams(Object(CInlineAction))
#1 C:\xampp\htdocs\yii\framework\web\filters\CFilterChain.php(133): CController->runAction(Object(CInlineAction))
#2 C:\xampp\htdocs\yii\SistemaReservaSalasYii\protected\modules\cruge\components\CrugeAccessControlFilter.php(90): CFilterChain->run()
#3 C:\xampp\htdocs\yii\framework\web\filters\CFilter.php(38): CrugeAccessControlFilter->preFilter(Object(CFilterChain))
#4 C:\xampp\htdocs\yii\framework\web\filters\CFilterChain.php(130): CFilter->filter(Object(CFilterChain))
#5 C:\xampp\htdocs\yii\framework\web\CController.php(291): CFilterChain->run()
#6 C:\xampp\htdocs\yii\framework\web\CController.php(265): CController->runActionWithFilters(Object(CInlineAction), Array)
#7 C:\xampp\htdocs\yii\framework\web\CWebApplication.php(282): CController->run('reservar')
#8 C:\xampp\htdocs\yii\framework\web\CWebApplication.php(141): CWebApplication->runController('reservasala/res...')
#9 C:\xampp\htdocs\yii\framework\base\CApplication.php(180): CWebApplication->processRequest()
#10 C:\xampp\htdocs\yii\SistemaReservaSalasYii\index.php(13): CApplication->run()
#11 {main}
REQUEST_URI=/yii/SistemaReservaSalasYii/index.php?r=reservasala/reservar&id=1
HTTP_REFERER=http://127.0.0.1/yii/SistemaReservaSalasYii/index.php?r=reservasala/reservasala
---
2014/03/20 15:28:57 [error] [exception.CHttpException.400] exception 'CHttpException' with message 'Your request is invalid.' in C:\xampp\htdocs\yii\framework\web\CController.php:336
Stack trace:
#0 C:\xampp\htdocs\yii\framework\web\CController.php(309): CController->invalidActionParams(Object(CInlineAction))
#1 C:\xampp\htdocs\yii\framework\web\filters\CFilterChain.php(133): CController->runAction(Object(CInlineAction))
#2 C:\xampp\htdocs\yii\SistemaReservaSalasYii\protected\modules\cruge\components\CrugeAccessControlFilter.php(90): CFilterChain->run()
#3 C:\xampp\htdocs\yii\framework\web\filters\CFilter.php(38): CrugeAccessControlFilter->preFilter(Object(CFilterChain))
#4 C:\xampp\htdocs\yii\framework\web\filters\CFilterChain.php(130): CFilter->filter(Object(CFilterChain))
#5 C:\xampp\htdocs\yii\framework\web\CController.php(291): CFilterChain->run()
#6 C:\xampp\htdocs\yii\framework\web\CController.php(265): CController->runActionWithFilters(Object(CInlineAction), Array)
#7 C:\xampp\htdocs\yii\framework\web\CWebApplication.php(282): CController->run('reservar')
#8 C:\xampp\htdocs\yii\framework\web\CWebApplication.php(141): CWebApplication->runController('reservasala/res...')
#9 C:\xampp\htdocs\yii\framework\base\CApplication.php(180): CWebApplication->processRequest()
#10 C:\xampp\htdocs\yii\SistemaReservaSalasYii\index.php(13): CApplication->run()
#11 {main}
REQUEST_URI=/yii/SistemaReservaSalasYii/index.php?r=reservasala/reservar&id=1
HTTP_REFERER=http://127.0.0.1/yii/SistemaReservaSalasYii/index.php?r=reservasala/reservasala
---
2014/03/20 15:29:57 [error] [exception.CHttpException.400] exception 'CHttpException' with message 'Your request is invalid.' in C:\xampp\htdocs\yii\framework\web\CController.php:336
Stack trace:
#0 C:\xampp\htdocs\yii\framework\web\CController.php(309): CController->invalidActionParams(Object(CInlineAction))
#1 C:\xampp\htdocs\yii\framework\web\filters\CFilterChain.php(133): CController->runAction(Object(CInlineAction))
#2 C:\xampp\htdocs\yii\SistemaReservaSalasYii\protected\modules\cruge\components\CrugeAccessControlFilter.php(90): CFilterChain->run()
#3 C:\xampp\htdocs\yii\framework\web\filters\CFilter.php(38): CrugeAccessControlFilter->preFilter(Object(CFilterChain))
#4 C:\xampp\htdocs\yii\framework\web\filters\CFilterChain.php(130): CFilter->filter(Object(CFilterChain))
#5 C:\xampp\htdocs\yii\framework\web\CController.php(291): CFilterChain->run()
#6 C:\xampp\htdocs\yii\framework\web\CController.php(265): CController->runActionWithFilters(Object(CInlineAction), Array)
#7 C:\xampp\htdocs\yii\framework\web\CWebApplication.php(282): CController->run('reservar')
#8 C:\xampp\htdocs\yii\framework\web\CWebApplication.php(141): CWebApplication->runController('reservaSala/res...')
#9 C:\xampp\htdocs\yii\framework\base\CApplication.php(180): CWebApplication->processRequest()
#10 C:\xampp\htdocs\yii\SistemaReservaSalasYii\index.php(13): CApplication->run()
#11 {main}
REQUEST_URI=/yii/SistemaReservaSalasYii/index.php?r=reservaSala/reservar&id=1
HTTP_REFERER=http://127.0.0.1/yii/SistemaReservaSalasYii/index.php?r=reservasala/reservasala
---
2014/03/20 15:30:48 [error] [exception.CHttpException.400] exception 'CHttpException' with message 'Your request is invalid.' in C:\xampp\htdocs\yii\framework\web\CController.php:336
Stack trace:
#0 C:\xampp\htdocs\yii\framework\web\CController.php(309): CController->invalidActionParams(Object(CInlineAction))
#1 C:\xampp\htdocs\yii\framework\web\filters\CFilterChain.php(133): CController->runAction(Object(CInlineAction))
#2 C:\xampp\htdocs\yii\SistemaReservaSalasYii\protected\modules\cruge\components\CrugeAccessControlFilter.php(90): CFilterChain->run()
#3 C:\xampp\htdocs\yii\framework\web\filters\CFilter.php(38): CrugeAccessControlFilter->preFilter(Object(CFilterChain))
#4 C:\xampp\htdocs\yii\framework\web\filters\CFilterChain.php(130): CFilter->filter(Object(CFilterChain))
#5 C:\xampp\htdocs\yii\framework\web\CController.php(291): CFilterChain->run()
#6 C:\xampp\htdocs\yii\framework\web\CController.php(265): CController->runActionWithFilters(Object(CInlineAction), Array)
#7 C:\xampp\htdocs\yii\framework\web\CWebApplication.php(282): CController->run('reservar')
#8 C:\xampp\htdocs\yii\framework\web\CWebApplication.php(141): CWebApplication->runController('reservaSala/res...')
#9 C:\xampp\htdocs\yii\framework\base\CApplication.php(180): CWebApplication->processRequest()
#10 C:\xampp\htdocs\yii\SistemaReservaSalasYii\index.php(13): CApplication->run()
#11 {main}
REQUEST_URI=/yii/SistemaReservaSalasYii/index.php?r=reservaSala/reservar&id=1
HTTP_REFERER=http://127.0.0.1/yii/SistemaReservaSalasYii/index.php?r=reservasala/reservasala
---
2014/03/20 15:30:51 [error] [exception.CHttpException.400] exception 'CHttpException' with message 'Your request is invalid.' in C:\xampp\htdocs\yii\framework\web\CController.php:336
Stack trace:
#0 C:\xampp\htdocs\yii\framework\web\CController.php(309): CController->invalidActionParams(Object(CInlineAction))
#1 C:\xampp\htdocs\yii\framework\web\filters\CFilterChain.php(133): CController->runAction(Object(CInlineAction))
#2 C:\xampp\htdocs\yii\SistemaReservaSalasYii\protected\modules\cruge\components\CrugeAccessControlFilter.php(90): CFilterChain->run()
#3 C:\xampp\htdocs\yii\framework\web\filters\CFilter.php(38): CrugeAccessControlFilter->preFilter(Object(CFilterChain))
#4 C:\xampp\htdocs\yii\framework\web\filters\CFilterChain.php(130): CFilter->filter(Object(CFilterChain))
#5 C:\xampp\htdocs\yii\framework\web\CController.php(291): CFilterChain->run()
#6 C:\xampp\htdocs\yii\framework\web\CController.php(265): CController->runActionWithFilters(Object(CInlineAction), Array)
#7 C:\xampp\htdocs\yii\framework\web\CWebApplication.php(282): CController->run('reservar')
#8 C:\xampp\htdocs\yii\framework\web\CWebApplication.php(141): CWebApplication->runController('reservaSala/res...')
#9 C:\xampp\htdocs\yii\framework\base\CApplication.php(180): CWebApplication->processRequest()
#10 C:\xampp\htdocs\yii\SistemaReservaSalasYii\index.php(13): CApplication->run()
#11 {main}
REQUEST_URI=/yii/SistemaReservaSalasYii/index.php?r=reservaSala/reservar&id=1
HTTP_REFERER=http://127.0.0.1/yii/SistemaReservaSalasYii/index.php?r=reservasala/reservasala
---
2014/03/20 15:31:16 [error] [exception.CHttpException.400] exception 'CHttpException' with message 'Your request is invalid.' in C:\xampp\htdocs\yii\framework\web\CController.php:336
Stack trace:
#0 C:\xampp\htdocs\yii\framework\web\CController.php(309): CController->invalidActionParams(Object(CInlineAction))
#1 C:\xampp\htdocs\yii\framework\web\filters\CFilterChain.php(133): CController->runAction(Object(CInlineAction))
#2 C:\xampp\htdocs\yii\SistemaReservaSalasYii\protected\modules\cruge\components\CrugeAccessControlFilter.php(90): CFilterChain->run()
#3 C:\xampp\htdocs\yii\framework\web\filters\CFilter.php(38): CrugeAccessControlFilter->preFilter(Object(CFilterChain))
#4 C:\xampp\htdocs\yii\framework\web\filters\CFilterChain.php(130): CFilter->filter(Object(CFilterChain))
#5 C:\xampp\htdocs\yii\framework\web\CController.php(291): CFilterChain->run()
#6 C:\xampp\htdocs\yii\framework\web\CController.php(265): CController->runActionWithFilters(Object(CInlineAction), Array)
#7 C:\xampp\htdocs\yii\framework\web\CWebApplication.php(282): CController->run('reservar')
#8 C:\xampp\htdocs\yii\framework\web\CWebApplication.php(141): CWebApplication->runController('reservasala/res...')
#9 C:\xampp\htdocs\yii\framework\base\CApplication.php(180): CWebApplication->processRequest()
#10 C:\xampp\htdocs\yii\SistemaReservaSalasYii\index.php(13): CApplication->run()
#11 {main}
REQUEST_URI=/yii/SistemaReservaSalasYii/index.php?r=reservasala/reservar&id=1
HTTP_REFERER=http://127.0.0.1/yii/SistemaReservaSalasYii/index.php?r=reservasala/reservasala
---
2014/03/20 15:32:10 [error] [exception.CHttpException.400] exception 'CHttpException' with message 'Your request is invalid.' in C:\xampp\htdocs\yii\framework\web\CController.php:336
Stack trace:
#0 C:\xampp\htdocs\yii\framework\web\CController.php(309): CController->invalidActionParams(Object(CInlineAction))
#1 C:\xampp\htdocs\yii\framework\web\filters\CFilterChain.php(133): CController->runAction(Object(CInlineAction))
#2 C:\xampp\htdocs\yii\SistemaReservaSalasYii\protected\modules\cruge\components\CrugeAccessControlFilter.php(90): CFilterChain->run()
#3 C:\xampp\htdocs\yii\framework\web\filters\CFilter.php(38): CrugeAccessControlFilter->preFilter(Object(CFilterChain))
#4 C:\xampp\htdocs\yii\framework\web\filters\CFilterChain.php(130): CFilter->filter(Object(CFilterChain))
#5 C:\xampp\htdocs\yii\framework\web\CController.php(291): CFilterChain->run()
#6 C:\xampp\htdocs\yii\framework\web\CController.php(265): CController->runActionWithFilters(Object(CInlineAction), Array)
#7 C:\xampp\htdocs\yii\framework\web\CWebApplication.php(282): CController->run('reservar')
#8 C:\xampp\htdocs\yii\framework\web\CWebApplication.php(141): CWebApplication->runController('reservasala/res...')
#9 C:\xampp\htdocs\yii\framework\base\CApplication.php(180): CWebApplication->processRequest()
#10 C:\xampp\htdocs\yii\SistemaReservaSalasYii\index.php(13): CApplication->run()
#11 {main}
REQUEST_URI=/yii/SistemaReservaSalasYii/index.php?r=reservasala/reservar&id=1
HTTP_REFERER=http://127.0.0.1/yii/SistemaReservaSalasYii/index.php?r=reservasala/reservasala
---
2014/03/20 15:33:32 [error] [exception.CHttpException.400] exception 'CHttpException' with message 'Your request is invalid.' in C:\xampp\htdocs\yii\framework\web\CController.php:336
Stack trace:
#0 C:\xampp\htdocs\yii\framework\web\CController.php(309): CController->invalidActionParams(Object(CInlineAction))
#1 C:\xampp\htdocs\yii\framework\web\filters\CFilterChain.php(133): CController->runAction(Object(CInlineAction))
#2 C:\xampp\htdocs\yii\SistemaReservaSalasYii\protected\modules\cruge\components\CrugeAccessControlFilter.php(90): CFilterChain->run()
#3 C:\xampp\htdocs\yii\framework\web\filters\CFilter.php(38): CrugeAccessControlFilter->preFilter(Object(CFilterChain))
#4 C:\xampp\htdocs\yii\framework\web\filters\CFilterChain.php(130): CFilter->filter(Object(CFilterChain))
#5 C:\xampp\htdocs\yii\framework\web\CController.php(291): CFilterChain->run()
#6 C:\xampp\htdocs\yii\framework\web\CController.php(265): CController->runActionWithFilters(Object(CInlineAction), Array)
#7 C:\xampp\htdocs\yii\framework\web\CWebApplication.php(282): CController->run('reservar')
#8 C:\xampp\htdocs\yii\framework\web\CWebApplication.php(141): CWebApplication->runController('reservasala/res...')
#9 C:\xampp\htdocs\yii\framework\base\CApplication.php(180): CWebApplication->processRequest()
#10 C:\xampp\htdocs\yii\SistemaReservaSalasYii\index.php(13): CApplication->run()
#11 {main}
REQUEST_URI=/yii/SistemaReservaSalasYii/index.php?r=reservasala/reservar&id=1
HTTP_REFERER=http://127.0.0.1/yii/SistemaReservaSalasYii/index.php?r=reservasala/reservasala
---
2014/03/20 15:33:42 [error] [exception.CrugeException.401] action_reservasala_reservasala<br/>401
REQUEST_URI=/yii/SistemaReservaSalasYii/index.php?r=reservasala/reservasala
HTTP_REFERER=http://127.0.0.1/yii/SistemaReservaSalasYii/index.php?r=cruge/ui/login
---
2014/03/20 15:33:57 [error] [exception.CHttpException.400] exception 'CHttpException' with message 'Your request is invalid.' in C:\xampp\htdocs\yii\framework\web\CController.php:336
Stack trace:
#0 C:\xampp\htdocs\yii\framework\web\CController.php(309): CController->invalidActionParams(Object(CInlineAction))
#1 C:\xampp\htdocs\yii\framework\web\filters\CFilterChain.php(133): CController->runAction(Object(CInlineAction))
#2 C:\xampp\htdocs\yii\SistemaReservaSalasYii\protected\modules\cruge\components\CrugeAccessControlFilter.php(90): CFilterChain->run()
#3 C:\xampp\htdocs\yii\framework\web\filters\CFilter.php(38): CrugeAccessControlFilter->preFilter(Object(CFilterChain))
#4 C:\xampp\htdocs\yii\framework\web\filters\CFilterChain.php(130): CFilter->filter(Object(CFilterChain))
#5 C:\xampp\htdocs\yii\framework\web\CController.php(291): CFilterChain->run()
#6 C:\xampp\htdocs\yii\framework\web\CController.php(265): CController->runActionWithFilters(Object(CInlineAction), Array)
#7 C:\xampp\htdocs\yii\framework\web\CWebApplication.php(282): CController->run('reservar')
#8 C:\xampp\htdocs\yii\framework\web\CWebApplication.php(141): CWebApplication->runController('reservasala/res...')
#9 C:\xampp\htdocs\yii\framework\base\CApplication.php(180): CWebApplication->processRequest()
#10 C:\xampp\htdocs\yii\SistemaReservaSalasYii\index.php(13): CApplication->run()
#11 {main}
REQUEST_URI=/yii/SistemaReservaSalasYii/index.php?r=reservasala/reservar&id=1
HTTP_REFERER=http://127.0.0.1/yii/SistemaReservaSalasYii/index.php?r=reservasala/reservasala
---
2014/03/20 15:37:48 [error] [system.db.CDbCommand] CDbCommand::execute() failed: SQLSTATE[23000]: Integrity constraint violation: 1452 Cannot add or update a child row: a foreign key constraint fails (`reserva_salas_db`.`reserva_sala`, CONSTRAINT `fk_alumno_reserva` FOREIGN KEY (`rut`) REFERENCES `alumno` (`rut`)). The SQL statement executed was: INSERT INTO `reserva_sala` (`id_sala`, `rut`) VALUES (:yp0, :yp1).
in C:\xampp\htdocs\yii\SistemaReservaSalasYii\protected\controllers\ReservaSalaController.php (66)
in C:\xampp\htdocs\yii\SistemaReservaSalasYii\protected\modules\cruge\components\CrugeAccessControlFilter.php (90)
in C:\xampp\htdocs\yii\SistemaReservaSalasYii\index.php (13)
2014/03/20 15:37:48 [error] [exception.CDbException] exception 'CDbException' with message 'CDbCommand failed to execute the SQL statement: SQLSTATE[23000]: Integrity constraint violation: 1452 Cannot add or update a child row: a foreign key constraint fails (`reserva_salas_db`.`reserva_sala`, CONSTRAINT `fk_alumno_reserva` FOREIGN KEY (`rut`) REFERENCES `alumno` (`rut`)). The SQL statement executed was: INSERT INTO `reserva_sala` (`id_sala`, `rut`) VALUES (:yp0, :yp1)' in C:\xampp\htdocs\yii\framework\db\CDbCommand.php:358
Stack trace:
#0 C:\xampp\htdocs\yii\framework\db\ar\CActiveRecord.php(1077): CDbCommand->execute()
#1 C:\xampp\htdocs\yii\framework\db\ar\CActiveRecord.php(806): CActiveRecord->insert(NULL)
#2 C:\xampp\htdocs\yii\SistemaReservaSalasYii\protected\controllers\ReservaSalaController.php(66): CActiveRecord->save()
#3 [internal function]: ReservaSalaController->actionReservar('1')
#4 C:\xampp\htdocs\yii\framework\web\actions\CAction.php(108): ReflectionMethod->invokeArgs(Object(ReservaSalaController), Array)
#5 C:\xampp\htdocs\yii\framework\web\actions\CInlineAction.php(47): CAction->runWithParamsInternal(Object(ReservaSalaController), Object(ReflectionMethod), Array)
#6 C:\xampp\htdocs\yii\framework\web\CController.php(308): CInlineAction->runWithParams(Array)
#7 C:\xampp\htdocs\yii\framework\web\filters\CFilterChain.php(133): CController->runAction(Object(CInlineAction))
#8 C:\xampp\htdocs\yii\SistemaReservaSalasYii\protected\modules\cruge\components\CrugeAccessControlFilter.php(90): CFilterChain->run()
#9 C:\xampp\htdocs\yii\framework\web\filters\CFilter.php(38): CrugeAccessControlFilter->preFilter(Object(CFilterChain))
#10 C:\xampp\htdocs\yii\framework\web\filters\CFilterChain.php(130): CFilter->filter(Object(CFilterChain))
#11 C:\xampp\htdocs\yii\framework\web\CController.php(291): CFilterChain->run()
#12 C:\xampp\htdocs\yii\framework\web\CController.php(265): CController->runActionWithFilters(Object(CInlineAction), Array)
#13 C:\xampp\htdocs\yii\framework\web\CWebApplication.php(282): CController->run('reservar')
#14 C:\xampp\htdocs\yii\framework\web\CWebApplication.php(141): CWebApplication->runController('reservasala/res...')
#15 C:\xampp\htdocs\yii\framework\base\CApplication.php(180): CWebApplication->processRequest()
#16 C:\xampp\htdocs\yii\SistemaReservaSalasYii\index.php(13): CApplication->run()
#17 {main}
REQUEST_URI=/yii/SistemaReservaSalasYii/index.php?r=reservasala/reservar&id=1
HTTP_REFERER=http://127.0.0.1/yii/SistemaReservaSalasYii/index.php?r=reservasala/reservasala
---
2014/03/20 15:38:45 [error] [system.db.CDbCommand] CDbCommand::execute() failed: SQLSTATE[23000]: Integrity constraint violation: 1452 Cannot add or update a child row: a foreign key constraint fails (`reserva_salas_db`.`reserva_sala`, CONSTRAINT `fk_alumno_reserva` FOREIGN KEY (`rut`) REFERENCES `alumno` (`rut`)). The SQL statement executed was: INSERT INTO `reserva_sala` (`id_sala`, `rut`) VALUES (:yp0, :yp1).
in C:\xampp\htdocs\yii\SistemaReservaSalasYii\protected\controllers\ReservaSalaController.php (66)
in C:\xampp\htdocs\yii\SistemaReservaSalasYii\protected\modules\cruge\components\CrugeAccessControlFilter.php (90)
in C:\xampp\htdocs\yii\SistemaReservaSalasYii\index.php (13)
2014/03/20 15:38:45 [error] [exception.CDbException] exception 'CDbException' with message 'CDbCommand failed to execute the SQL statement: SQLSTATE[23000]: Integrity constraint violation: 1452 Cannot add or update a child row: a foreign key constraint fails (`reserva_salas_db`.`reserva_sala`, CONSTRAINT `fk_alumno_reserva` FOREIGN KEY (`rut`) REFERENCES `alumno` (`rut`)). The SQL statement executed was: INSERT INTO `reserva_sala` (`id_sala`, `rut`) VALUES (:yp0, :yp1)' in C:\xampp\htdocs\yii\framework\db\CDbCommand.php:358
Stack trace:
#0 C:\xampp\htdocs\yii\framework\db\ar\CActiveRecord.php(1077): CDbCommand->execute()
#1 C:\xampp\htdocs\yii\framework\db\ar\CActiveRecord.php(806): CActiveRecord->insert(NULL)
#2 C:\xampp\htdocs\yii\SistemaReservaSalasYii\protected\controllers\ReservaSalaController.php(66): CActiveRecord->save()
#3 [internal function]: ReservaSalaController->actionReservar('1')
#4 C:\xampp\htdocs\yii\framework\web\actions\CAction.php(108): ReflectionMethod->invokeArgs(Object(ReservaSalaController), Array)
#5 C:\xampp\htdocs\yii\framework\web\actions\CInlineAction.php(47): CAction->runWithParamsInternal(Object(ReservaSalaController), Object(ReflectionMethod), Array)
#6 C:\xampp\htdocs\yii\framework\web\CController.php(308): CInlineAction->runWithParams(Array)
#7 C:\xampp\htdocs\yii\framework\web\filters\CFilterChain.php(133): CController->runAction(Object(CInlineAction))
#8 C:\xampp\htdocs\yii\SistemaReservaSalasYii\protected\modules\cruge\components\CrugeAccessControlFilter.php(90): CFilterChain->run()
#9 C:\xampp\htdocs\yii\framework\web\filters\CFilter.php(38): CrugeAccessControlFilter->preFilter(Object(CFilterChain))
#10 C:\xampp\htdocs\yii\framework\web\filters\CFilterChain.php(130): CFilter->filter(Object(CFilterChain))
#11 C:\xampp\htdocs\yii\framework\web\CController.php(291): CFilterChain->run()
#12 C:\xampp\htdocs\yii\framework\web\CController.php(265): CController->runActionWithFilters(Object(CInlineAction), Array)
#13 C:\xampp\htdocs\yii\framework\web\CWebApplication.php(282): CController->run('reservar')
#14 C:\xampp\htdocs\yii\framework\web\CWebApplication.php(141): CWebApplication->runController('reservasala/res...')
#15 C:\xampp\htdocs\yii\framework\base\CApplication.php(180): CWebApplication->processRequest()
#16 C:\xampp\htdocs\yii\SistemaReservaSalasYii\index.php(13): CApplication->run()
#17 {main}
REQUEST_URI=/yii/SistemaReservaSalasYii/index.php?r=reservasala/reservar&id=1
HTTP_REFERER=http://127.0.0.1/yii/SistemaReservaSalasYii/index.php?r=reservasala/reservasala
---
2014/03/20 15:39:47 [error] [exception.CHttpException.400] exception 'CHttpException' with message 'Your request is invalid.' in C:\xampp\htdocs\yii\framework\web\CController.php:336
Stack trace:
#0 C:\xampp\htdocs\yii\framework\web\CController.php(309): CController->invalidActionParams(Object(CInlineAction))
#1 C:\xampp\htdocs\yii\framework\web\filters\CFilterChain.php(133): CController->runAction(Object(CInlineAction))
#2 C:\xampp\htdocs\yii\SistemaReservaSalasYii\protected\modules\cruge\components\CrugeAccessControlFilter.php(90): CFilterChain->run()
#3 C:\xampp\htdocs\yii\framework\web\filters\CFilter.php(38): CrugeAccessControlFilter->preFilter(Object(CFilterChain))
#4 C:\xampp\htdocs\yii\framework\web\filters\CFilterChain.php(130): CFilter->filter(Object(CFilterChain))
#5 C:\xampp\htdocs\yii\framework\web\CController.php(291): CFilterChain->run()
#6 C:\xampp\htdocs\yii\framework\web\CController.php(265): CController->runActionWithFilters(Object(CInlineAction), Array)
#7 C:\xampp\htdocs\yii\framework\web\CWebApplication.php(282): CController->run('postReserva')
#8 C:\xampp\htdocs\yii\framework\web\CWebApplication.php(141): CWebApplication->runController('reservasala/pos...')
#9 C:\xampp\htdocs\yii\framework\base\CApplication.php(180): CWebApplication->processRequest()
#10 C:\xampp\htdocs\yii\SistemaReservaSalasYii\index.php(13): CApplication->run()
#11 {main}
REQUEST_URI=/yii/SistemaReservaSalasYii/index.php?r=reservasala/postReserva&id=5
HTTP_REFERER=http://127.0.0.1/yii/SistemaReservaSalasYii/index.php?r=reservasala/reservasala
---
2014/03/20 15:40:18 [error] [exception.CHttpException.400] exception 'CHttpException' with message 'Your request is invalid.' in C:\xampp\htdocs\yii\framework\web\CController.php:336
Stack trace:
#0 C:\xampp\htdocs\yii\framework\web\CController.php(309): CController->invalidActionParams(Object(CInlineAction))
#1 C:\xampp\htdocs\yii\framework\web\filters\CFilterChain.php(133): CController->runAction(Object(CInlineAction))
#2 C:\xampp\htdocs\yii\SistemaReservaSalasYii\protected\modules\cruge\components\CrugeAccessControlFilter.php(90): CFilterChain->run()
#3 C:\xampp\htdocs\yii\framework\web\filters\CFilter.php(38): CrugeAccessControlFilter->preFilter(Object(CFilterChain))
#4 C:\xampp\htdocs\yii\framework\web\filters\CFilterChain.php(130): CFilter->filter(Object(CFilterChain))
#5 C:\xampp\htdocs\yii\framework\web\CController.php(291): CFilterChain->run()
#6 C:\xampp\htdocs\yii\framework\web\CController.php(265): CController->runActionWithFilters(Object(CInlineAction), Array)
#7 C:\xampp\htdocs\yii\framework\web\CWebApplication.php(282): CController->run('postReserva')
#8 C:\xampp\htdocs\yii\framework\web\CWebApplication.php(141): CWebApplication->runController('reservasala/pos...')
#9 C:\xampp\htdocs\yii\framework\base\CApplication.php(180): CWebApplication->processRequest()
#10 C:\xampp\htdocs\yii\SistemaReservaSalasYii\index.php(13): CApplication->run()
#11 {main}
REQUEST_URI=/yii/SistemaReservaSalasYii/index.php?r=reservasala/postReserva&id=5
HTTP_REFERER=http://127.0.0.1/yii/SistemaReservaSalasYii/index.php?r=reservasala/reservasala
---
2014/03/20 15:41:40 [error] [php] Undefined index: item-reserva (C:\xampp\htdocs\yii\SistemaReservaSalasYii\protected\controllers\ReservaSalaController.php:81)
Stack trace:
#0 C:\xampp\htdocs\yii\framework\web\actions\CInlineAction.php(47): CInlineAction->runWithParamsInternal()
#1 C:\xampp\htdocs\yii\framework\web\CController.php(308): CInlineAction->runWithParams()
#2 C:\xampp\htdocs\yii\framework\web\filters\CFilterChain.php(133): ReservaSalaController->runAction()
#3 C:\xampp\htdocs\yii\SistemaReservaSalasYii\protected\modules\cruge\components\CrugeAccessControlFilter.php(90): CFilterChain->run()
#4 C:\xampp\htdocs\yii\framework\web\filters\CFilter.php(38): CrugeAccessControlFilter->preFilter()
#5 C:\xampp\htdocs\yii\framework\web\filters\CFilterChain.php(130): CrugeAccessControlFilter->filter()
#6 C:\xampp\htdocs\yii\framework\web\CController.php(291): CFilterChain->run()
#7 C:\xampp\htdocs\yii\framework\web\CController.php(265): ReservaSalaController->runActionWithFilters()
#8 C:\xampp\htdocs\yii\framework\web\CWebApplication.php(282): ReservaSalaController->run()
#9 C:\xampp\htdocs\yii\framework\web\CWebApplication.php(141): CWebApplication->runController()
#10 C:\xampp\htdocs\yii\framework\base\CApplication.php(180): CWebApplication->processRequest()
#11 C:\xampp\htdocs\yii\SistemaReservaSalasYii\index.php(13): CWebApplication->run()
REQUEST_URI=/yii/SistemaReservaSalasYii/index.php?r=reservasala/postReserva&id_reserva=6
in C:\xampp\htdocs\yii\SistemaReservaSalasYii\protected\controllers\ReservaSalaController.php (81)
in C:\xampp\htdocs\yii\SistemaReservaSalasYii\protected\modules\cruge\components\CrugeAccessControlFilter.php (90)
in C:\xampp\htdocs\yii\SistemaReservaSalasYii\index.php (13)
2014/03/20 15:42:49 [error] [php] Undefined index: items-prestamo (C:\xampp\htdocs\yii\SistemaReservaSalasYii\protected\controllers\ReservaSalaController.php:81)
Stack trace:
#0 C:\xampp\htdocs\yii\framework\web\actions\CInlineAction.php(47): CInlineAction->runWithParamsInternal()
#1 C:\xampp\htdocs\yii\framework\web\CController.php(308): CInlineAction->runWithParams()
#2 C:\xampp\htdocs\yii\framework\web\filters\CFilterChain.php(133): ReservaSalaController->runAction()
#3 C:\xampp\htdocs\yii\SistemaReservaSalasYii\protected\modules\cruge\components\CrugeAccessControlFilter.php(90): CFilterChain->run()
#4 C:\xampp\htdocs\yii\framework\web\filters\CFilter.php(38): CrugeAccessControlFilter->preFilter()
#5 C:\xampp\htdocs\yii\framework\web\filters\CFilterChain.php(130): CrugeAccessControlFilter->filter()
#6 C:\xampp\htdocs\yii\framework\web\CController.php(291): CFilterChain->run()
#7 C:\xampp\htdocs\yii\framework\web\CController.php(265): ReservaSalaController->runActionWithFilters()
#8 C:\xampp\htdocs\yii\framework\web\CWebApplication.php(282): ReservaSalaController->run()
#9 C:\xampp\htdocs\yii\framework\web\CWebApplication.php(141): CWebApplication->runController()
#10 C:\xampp\htdocs\yii\framework\base\CApplication.php(180): CWebApplication->processRequest()
#11 C:\xampp\htdocs\yii\SistemaReservaSalasYii\index.php(13): CWebApplication->run()
REQUEST_URI=/yii/SistemaReservaSalasYii/index.php?r=reservasala/postReserva&id_reserva=7
in C:\xampp\htdocs\yii\SistemaReservaSalasYii\protected\controllers\ReservaSalaController.php (81)
in C:\xampp\htdocs\yii\SistemaReservaSalasYii\protected\modules\cruge\components\CrugeAccessControlFilter.php (90)
in C:\xampp\htdocs\yii\SistemaReservaSalasYii\index.php (13)
2014/03/20 15:47:55 [error] [exception.CDbException] exception 'CDbException' with message 'Column name must be either a string or an array.' in C:\xampp\htdocs\yii\framework\db\schema\CDbCommandBuilder.php:828
Stack trace:
#0 C:\xampp\htdocs\yii\framework\db\schema\CDbCommandBuilder.php(621): CDbCommandBuilder->createInCondition(Object(CMysqlTableSchema), NULL, Array, NULL)
#1 C:\xampp\htdocs\yii\framework\db\ar\CActiveRecord.php(1746): CDbCommandBuilder->createPkCriteria(Object(CMysqlTableSchema), NULL, '', Array)
#2 C:\xampp\htdocs\yii\framework\db\ar\CActiveRecord.php(1124): CActiveRecord->updateByPk(NULL, Array)
#3 C:\xampp\htdocs\yii\framework\db\ar\CActiveRecord.php(806): CActiveRecord->update(NULL)
#4 C:\xampp\htdocs\yii\SistemaReservaSalasYii\protected\controllers\ReservaSalaController.php(86): CActiveRecord->save()
#5 [internal function]: ReservaSalaController->actionPostReserva('9')
#6 C:\xampp\htdocs\yii\framework\web\actions\CAction.php(108): ReflectionMethod->invokeArgs(Object(ReservaSalaController), Array)
#7 C:\xampp\htdocs\yii\framework\web\actions\CInlineAction.php(47): CAction->runWithParamsInternal(Object(ReservaSalaController), Object(ReflectionMethod), Array)
#8 C:\xampp\htdocs\yii\framework\web\CController.php(308): CInlineAction->runWithParams(Array)
#9 C:\xampp\htdocs\yii\framework\web\filters\CFilterChain.php(133): CController->runAction(Object(CInlineAction))
#10 C:\xampp\htdocs\yii\SistemaReservaSalasYii\protected\modules\cruge\components\CrugeAccessControlFilter.php(90): CFilterChain->run()
#11 C:\xampp\htdocs\yii\framework\web\filters\CFilter.php(38): CrugeAccessControlFilter->preFilter(Object(CFilterChain))
#12 C:\xampp\htdocs\yii\framework\web\filters\CFilterChain.php(130): CFilter->filter(Object(CFilterChain))
#13 C:\xampp\htdocs\yii\framework\web\CController.php(291): CFilterChain->run()
#14 C:\xampp\htdocs\yii\framework\web\CController.php(265): CController->runActionWithFilters(Object(CInlineAction), Array)
#15 C:\xampp\htdocs\yii\framework\web\CWebApplication.php(282): CController->run('postReserva')
#16 C:\xampp\htdocs\yii\framework\web\CWebApplication.php(141): CWebApplication->runController('reservasala/pos...')
#17 C:\xampp\htdocs\yii\framework\base\CApplication.php(180): CWebApplication->processRequest()
#18 C:\xampp\htdocs\yii\SistemaReservaSalasYii\index.php(13): CApplication->run()
#19 {main}
REQUEST_URI=/yii/SistemaReservaSalasYii/index.php?r=reservasala/postReserva&id_reserva=9
HTTP_REFERER=http://127.0.0.1/yii/SistemaReservaSalasYii/index.php?r=reservasala/postReserva&id_reserva=9
---
2014/03/20 20:15:15 [error] [exception.CException] exception 'CException' with message 'Property "Sala.nombre" is not defined.' in C:\xampp\htdocs\yii\framework\base\CComponent.php:130
Stack trace:
#0 C:\xampp\htdocs\yii\framework\db\ar\CActiveRecord.php(145): CComponent->__get('nombre')
#1 C:\xampp\htdocs\yii\SistemaReservaSalasYii\protected\controllers\ReservaSalaController.php(90): CActiveRecord->__get('nombre')
#2 [internal function]: ReservaSalaController->actionPostReserva('11')
#3 C:\xampp\htdocs\yii\framework\web\actions\CAction.php(108): ReflectionMethod->invokeArgs(Object(ReservaSalaController), Array)
#4 C:\xampp\htdocs\yii\framework\web\actions\CInlineAction.php(47): CAction->runWithParamsInternal(Object(ReservaSalaController), Object(ReflectionMethod), Array)
#5 C:\xampp\htdocs\yii\framework\web\CController.php(308): CInlineAction->runWithParams(Array)
#6 C:\xampp\htdocs\yii\framework\web\filters\CFilterChain.php(133): CController->runAction(Object(CInlineAction))
#7 C:\xampp\htdocs\yii\SistemaReservaSalasYii\protected\modules\cruge\components\CrugeAccessControlFilter.php(90): CFilterChain->run()
#8 C:\xampp\htdocs\yii\framework\web\filters\CFilter.php(38): CrugeAccessControlFilter->preFilter(Object(CFilterChain))
#9 C:\xampp\htdocs\yii\framework\web\filters\CFilterChain.php(130): CFilter->filter(Object(CFilterChain))
#10 C:\xampp\htdocs\yii\framework\web\CController.php(291): CFilterChain->run()
#11 C:\xampp\htdocs\yii\framework\web\CController.php(265): CController->runActionWithFilters(Object(CInlineAction), Array)
#12 C:\xampp\htdocs\yii\framework\web\CWebApplication.php(282): CController->run('postReserva')
#13 C:\xampp\htdocs\yii\framework\web\CWebApplication.php(141): CWebApplication->runController('reservasala/pos...')
#14 C:\xampp\htdocs\yii\framework\base\CApplication.php(180): CWebApplication->processRequest()
#15 C:\xampp\htdocs\yii\SistemaReservaSalasYii\index.php(13): CApplication->run()
#16 {main}
REQUEST_URI=/yii/SistemaReservaSalasYii/index.php?r=reservasala/postReserva&id_reserva=11
HTTP_REFERER=http://127.0.0.1/yii/SistemaReservaSalasYii/index.php?r=reservasala/postReserva&id_reserva=11
---
2014/03/20 20:16:04 [error] [php] require_once(C:/xampp/htdocs/yii/SistemaReservaSalasYii/protected/extensions/MPDF571/config_cp.php): failed to open stream: No such file or directory (C:\xampp\htdocs\yii\SistemaReservaSalasYii\protected\extensions\MPDF571\mpdf.php:39)
Stack trace:
#0 C:\xampp\htdocs\yii\framework\YiiBase.php(196): import()
#1 C:\xampp\htdocs\yii\SistemaReservaSalasYii\protected\controllers\ReservaSalaController.php(111): createComponent()
#2 unknown(0): ReservaSalaController->actionPostReserva()
#3 C:\xampp\htdocs\yii\framework\web\actions\CAction.php(108): ReflectionMethod->invokeArgs()
#4 C:\xampp\htdocs\yii\framework\web\actions\CInlineAction.php(47): CInlineAction->runWithParamsInternal()
#5 C:\xampp\htdocs\yii\framework\web\CController.php(308): CInlineAction->runWithParams()
#6 C:\xampp\htdocs\yii\framework\web\filters\CFilterChain.php(133): ReservaSalaController->runAction()
#7 C:\xampp\htdocs\yii\SistemaReservaSalasYii\protected\modules\cruge\components\CrugeAccessControlFilter.php(90): CFilterChain->run()
#8 C:\xampp\htdocs\yii\framework\web\filters\CFilter.php(38): CrugeAccessControlFilter->preFilter()
#9 C:\xampp\htdocs\yii\framework\web\filters\CFilterChain.php(130): CrugeAccessControlFilter->filter()
#10 C:\xampp\htdocs\yii\framework\web\CController.php(291): CFilterChain->run()
#11 C:\xampp\htdocs\yii\framework\web\CController.php(265): ReservaSalaController->runActionWithFilters()
#12 C:\xampp\htdocs\yii\framework\web\CWebApplication.php(282): ReservaSalaController->run()
#13 C:\xampp\htdocs\yii\framework\web\CWebApplication.php(141): CWebApplication->runController()
#14 C:\xampp\htdocs\yii\framework\base\CApplication.php(180): CWebApplication->processRequest()
#15 C:\xampp\htdocs\yii\SistemaReservaSalasYii\index.php(13): CWebApplication->run()
REQUEST_URI=/yii/SistemaReservaSalasYii/index.php?r=reservasala/postReserva&id_reserva=12
in C:\xampp\htdocs\yii\SistemaReservaSalasYii\protected\extensions\MPDF571\mpdf.php (39)
in C:\xampp\htdocs\yii\SistemaReservaSalasYii\protected\extensions\MPDF571\mpdf.php (39)
in C:\xampp\htdocs\yii\SistemaReservaSalasYii\protected\controllers\ReservaSalaController.php (111)
2014/03/20 21:44:03 [error] [exception.CException] exception 'CException' with message 'CWebApplication and its behaviors do not have a method or closure named "db".' in C:\xampp\htdocs\yii\framework\base\CComponent.php:266
Stack trace:
#0 C:\xampp\htdocs\yii\SistemaReservaSalasYii\protected\controllers\AlumnoController.php(71): CComponent->__call('db', Array)
#1 C:\xampp\htdocs\yii\SistemaReservaSalasYii\protected\controllers\AlumnoController.php(71): CWebApplication->db()
#2 C:\xampp\htdocs\yii\framework\web\actions\CInlineAction.php(49): AlumnoController->actionCreate()
#3 C:\xampp\htdocs\yii\framework\web\CController.php(308): CInlineAction->runWithParams(Array)
#4 C:\xampp\htdocs\yii\framework\web\filters\CFilterChain.php(133): CController->runAction(Object(CInlineAction))
#5 C:\xampp\htdocs\yii\SistemaReservaSalasYii\protected\modules\cruge\components\CrugeAccessControlFilter.php(90): CFilterChain->run()
#6 C:\xampp\htdocs\yii\framework\web\filters\CFilter.php(38): CrugeAccessControlFilter->preFilter(Object(CFilterChain))
#7 C:\xampp\htdocs\yii\framework\web\filters\CFilterChain.php(130): CFilter->filter(Object(CFilterChain))
#8 C:\xampp\htdocs\yii\framework\web\CController.php(291): CFilterChain->run()
#9 C:\xampp\htdocs\yii\framework\web\CController.php(265): CController->runActionWithFilters(Object(CInlineAction), Array)
#10 C:\xampp\htdocs\yii\framework\web\CWebApplication.php(282): CController->run('create')
#11 C:\xampp\htdocs\yii\framework\web\CWebApplication.php(141): CWebApplication->runController('alumno/create')
#12 C:\xampp\htdocs\yii\framework\base\CApplication.php(180): CWebApplication->processRequest()
#13 C:\xampp\htdocs\yii\SistemaReservaSalasYii\index.php(13): CApplication->run()
#14 {main}
REQUEST_URI=/yii/SistemaReservaSalasYii/index.php?r=alumno/create
HTTP_REFERER=http://127.0.0.1/yii/SistemaReservaSalasYii/index.php?r=alumno/create
---
2014/03/20 21:44:53 [error] [php] Undefined variable: rut (C:\xampp\htdocs\yii\SistemaReservaSalasYii\protected\controllers\AlumnoController.php:71)
Stack trace:
#0 C:\xampp\htdocs\yii\framework\web\filters\CFilterChain.php(133): AlumnoController->runAction()
#1 C:\xampp\htdocs\yii\SistemaReservaSalasYii\protected\modules\cruge\components\CrugeAccessControlFilter.php(90): CFilterChain->run()
#2 C:\xampp\htdocs\yii\framework\web\filters\CFilter.php(38): CrugeAccessControlFilter->preFilter()
#3 C:\xampp\htdocs\yii\framework\web\filters\CFilterChain.php(130): CrugeAccessControlFilter->filter()
#4 C:\xampp\htdocs\yii\framework\web\CController.php(291): CFilterChain->run()
#5 C:\xampp\htdocs\yii\framework\web\CController.php(265): AlumnoController->runActionWithFilters()
#6 C:\xampp\htdocs\yii\framework\web\CWebApplication.php(282): AlumnoController->run()
#7 C:\xampp\htdocs\yii\framework\web\CWebApplication.php(141): CWebApplication->runController()
#8 C:\xampp\htdocs\yii\framework\base\CApplication.php(180): CWebApplication->processRequest()
#9 C:\xampp\htdocs\yii\SistemaReservaSalasYii\index.php(13): CWebApplication->run()
REQUEST_URI=/yii/SistemaReservaSalasYii/index.php?r=alumno/create
in C:\xampp\htdocs\yii\SistemaReservaSalasYii\protected\controllers\AlumnoController.php (71)
in C:\xampp\htdocs\yii\SistemaReservaSalasYii\protected\modules\cruge\components\CrugeAccessControlFilter.php (90)
in C:\xampp\htdocs\yii\SistemaReservaSalasYii\index.php (13)
2014/03/20 21:45:55 [error] [php] Undefined variable: rut (C:\xampp\htdocs\yii\SistemaReservaSalasYii\protected\controllers\AlumnoController.php:71)
Stack trace:
#0 C:\xampp\htdocs\yii\framework\web\filters\CFilterChain.php(133): AlumnoController->runAction()
#1 C:\xampp\htdocs\yii\SistemaReservaSalasYii\protected\modules\cruge\components\CrugeAccessControlFilter.php(90): CFilterChain->run()
#2 C:\xampp\htdocs\yii\framework\web\filters\CFilter.php(38): CrugeAccessControlFilter->preFilter()
#3 C:\xampp\htdocs\yii\framework\web\filters\CFilterChain.php(130): CrugeAccessControlFilter->filter()
#4 C:\xampp\htdocs\yii\framework\web\CController.php(291): CFilterChain->run()
#5 C:\xampp\htdocs\yii\framework\web\CController.php(265): AlumnoController->runActionWithFilters()
#6 C:\xampp\htdocs\yii\framework\web\CWebApplication.php(282): AlumnoController->run()
#7 C:\xampp\htdocs\yii\framework\web\CWebApplication.php(141): CWebApplication->runController()
#8 C:\xampp\htdocs\yii\framework\base\CApplication.php(180): CWebApplication->processRequest()
#9 C:\xampp\htdocs\yii\SistemaReservaSalasYii\index.php(13): CWebApplication->run()
REQUEST_URI=/yii/SistemaReservaSalasYii/index.php?r=alumno/create
in C:\xampp\htdocs\yii\SistemaReservaSalasYii\protected\controllers\AlumnoController.php (71)
in C:\xampp\htdocs\yii\SistemaReservaSalasYii\protected\modules\cruge\components\CrugeAccessControlFilter.php (90)
in C:\xampp\htdocs\yii\SistemaReservaSalasYii\index.php (13)
2014/03/20 21:46:26 [error] [system.db.CDbCommand] CDbCommand::execute() failed: SQLSTATE[42000]: Syntax error or access violation: 1064 You have an error in your SQL syntax; check the manual that corresponds to your MySQL server version for the right syntax to use near '.788-k)' at line 1. The SQL statement executed was: call CREATE_ROL_ALUMNO(18.556.788-k).
in C:\xampp\htdocs\yii\SistemaReservaSalasYii\protected\controllers\AlumnoController.php (71)
in C:\xampp\htdocs\yii\SistemaReservaSalasYii\protected\modules\cruge\components\CrugeAccessControlFilter.php (90)
in C:\xampp\htdocs\yii\SistemaReservaSalasYii\index.php (13)
2014/03/20 21:46:26 [error] [exception.CDbException] exception 'CDbException' with message 'CDbCommand failed to execute the SQL statement: SQLSTATE[42000]: Syntax error or access violation: 1064 You have an error in your SQL syntax; check the manual that corresponds to your MySQL server version for the right syntax to use near '.788-k)' at line 1. The SQL statement executed was: call CREATE_ROL_ALUMNO(18.556.788-k)' in C:\xampp\htdocs\yii\framework\db\CDbCommand.php:358
Stack trace:
#0 C:\xampp\htdocs\yii\SistemaReservaSalasYii\protected\controllers\AlumnoController.php(71): CDbCommand->execute()
#1 C:\xampp\htdocs\yii\framework\web\actions\CInlineAction.php(49): AlumnoController->actionCreate()
#2 C:\xampp\htdocs\yii\framework\web\CController.php(308): CInlineAction->runWithParams(Array)
#3 C:\xampp\htdocs\yii\framework\web\filters\CFilterChain.php(133): CController->runAction(Object(CInlineAction))
#4 C:\xampp\htdocs\yii\SistemaReservaSalasYii\protected\modules\cruge\components\CrugeAccessControlFilter.php(90): CFilterChain->run()
#5 C:\xampp\htdocs\yii\framework\web\filters\CFilter.php(38): CrugeAccessControlFilter->preFilter(Object(CFilterChain))
#6 C:\xampp\htdocs\yii\framework\web\filters\CFilterChain.php(130): CFilter->filter(Object(CFilterChain))
#7 C:\xampp\htdocs\yii\framework\web\CController.php(291): CFilterChain->run()
#8 C:\xampp\htdocs\yii\framework\web\CController.php(265): CController->runActionWithFilters(Object(CInlineAction), Array)
#9 C:\xampp\htdocs\yii\framework\web\CWebApplication.php(282): CController->run('create')
#10 C:\xampp\htdocs\yii\framework\web\CWebApplication.php(141): CWebApplication->runController('alumno/create')
#11 C:\xampp\htdocs\yii\framework\base\CApplication.php(180): CWebApplication->processRequest()
#12 C:\xampp\htdocs\yii\SistemaReservaSalasYii\index.php(13): CApplication->run()
#13 {main}
REQUEST_URI=/yii/SistemaReservaSalasYii/index.php?r=alumno/create
HTTP_REFERER=http://127.0.0.1/yii/SistemaReservaSalasYii/index.php?r=alumno/create
---
2014/03/20 21:51:12 [error] [system.db.CDbCommand] CDbCommand::execute() failed: SQLSTATE[42000]: Syntax error or access violation: 1064 You have an error in your SQL syntax; check the manual that corresponds to your MySQL server version for the right syntax to use near '.788-k)' at line 1. The SQL statement executed was: call CREATE_ROL_ALUMNO(18.556.788-k).
in C:\xampp\htdocs\yii\SistemaReservaSalasYii\protected\controllers\AlumnoController.php (71)
in C:\xampp\htdocs\yii\SistemaReservaSalasYii\protected\modules\cruge\components\CrugeAccessControlFilter.php (90)
in C:\xampp\htdocs\yii\SistemaReservaSalasYii\index.php (13)
2014/03/20 21:51:12 [error] [exception.CDbException] exception 'CDbException' with message 'CDbCommand failed to execute the SQL statement: SQLSTATE[42000]: Syntax error or access violation: 1064 You have an error in your SQL syntax; check the manual that corresponds to your MySQL server version for the right syntax to use near '.788-k)' at line 1. The SQL statement executed was: call CREATE_ROL_ALUMNO(18.556.788-k)' in C:\xampp\htdocs\yii\framework\db\CDbCommand.php:358
Stack trace:
#0 C:\xampp\htdocs\yii\SistemaReservaSalasYii\protected\controllers\AlumnoController.php(71): CDbCommand->execute()
#1 C:\xampp\htdocs\yii\framework\web\actions\CInlineAction.php(49): AlumnoController->actionCreate()
#2 C:\xampp\htdocs\yii\framework\web\CController.php(308): CInlineAction->runWithParams(Array)
#3 C:\xampp\htdocs\yii\framework\web\filters\CFilterChain.php(133): CController->runAction(Object(CInlineAction))
#4 C:\xampp\htdocs\yii\SistemaReservaSalasYii\protected\modules\cruge\components\CrugeAccessControlFilter.php(90): CFilterChain->run()
#5 C:\xampp\htdocs\yii\framework\web\filters\CFilter.php(38): CrugeAccessControlFilter->preFilter(Object(CFilterChain))
#6 C:\xampp\htdocs\yii\framework\web\filters\CFilterChain.php(130): CFilter->filter(Object(CFilterChain))
#7 C:\xampp\htdocs\yii\framework\web\CController.php(291): CFilterChain->run()
#8 C:\xampp\htdocs\yii\framework\web\CController.php(265): CController->runActionWithFilters(Object(CInlineAction), Array)
#9 C:\xampp\htdocs\yii\framework\web\CWebApplication.php(282): CController->run('create')
#10 C:\xampp\htdocs\yii\framework\web\CWebApplication.php(141): CWebApplication->runController('alumno/create')
#11 C:\xampp\htdocs\yii\framework\base\CApplication.php(180): CWebApplication->processRequest()
#12 C:\xampp\htdocs\yii\SistemaReservaSalasYii\index.php(13): CApplication->run()
#13 {main}
REQUEST_URI=/yii/SistemaReservaSalasYii/index.php?r=alumno/create
HTTP_REFERER=http://127.0.0.1/yii/SistemaReservaSalasYii/index.php?r=alumno/create
---
2014/03/20 21:54:08 [warning] [application] Failed to set unsafe attribute "regdate" of "CrugeStoredUser".
in C:\xampp\htdocs\yii\SistemaReservaSalasYii\protected\modules\cruge\models\data\CrugeStoredUser.php (134)
in C:\xampp\htdocs\yii\SistemaReservaSalasYii\protected\modules\cruge\controllers\UiController.php (240)
in C:\xampp\htdocs\yii\SistemaReservaSalasYii\protected\modules\cruge\controllers\UiController.php (230)
2014/03/20 21:54:08 [warning] [application] Failed to set unsafe attribute "actdate" of "CrugeStoredUser".
in C:\xampp\htdocs\yii\SistemaReservaSalasYii\protected\modules\cruge\models\data\CrugeStoredUser.php (134)
in C:\xampp\htdocs\yii\SistemaReservaSalasYii\protected\modules\cruge\controllers\UiController.php (240)
in C:\xampp\htdocs\yii\SistemaReservaSalasYii\protected\modules\cruge\controllers\UiController.php (230)
2014/03/20 21:54:08 [warning] [application] Failed to set unsafe attribute "logondate" of "CrugeStoredUser".
in C:\xampp\htdocs\yii\SistemaReservaSalasYii\protected\modules\cruge\models\data\CrugeStoredUser.php (134)
in C:\xampp\htdocs\yii\SistemaReservaSalasYii\protected\modules\cruge\controllers\UiController.php (240)
in C:\xampp\htdocs\yii\SistemaReservaSalasYii\protected\modules\cruge\controllers\UiController.php (230)
2014/03/20 21:54:18 [warning] [application] Failed to set unsafe attribute "regdate" of "CrugeStoredUser".
in C:\xampp\htdocs\yii\SistemaReservaSalasYii\protected\modules\cruge\models\data\CrugeStoredUser.php (134)
in C:\xampp\htdocs\yii\SistemaReservaSalasYii\protected\modules\cruge\controllers\UiController.php (240)
in C:\xampp\htdocs\yii\SistemaReservaSalasYii\protected\modules\cruge\controllers\UiController.php (230)
2014/03/20 21:54:18 [warning] [application] Failed to set unsafe attribute "actdate" of "CrugeStoredUser".
in C:\xampp\htdocs\yii\SistemaReservaSalasYii\protected\modules\cruge\models\data\CrugeStoredUser.php (134)
in C:\xampp\htdocs\yii\SistemaReservaSalasYii\protected\modules\cruge\controllers\UiController.php (240)
in C:\xampp\htdocs\yii\SistemaReservaSalasYii\protected\modules\cruge\controllers\UiController.php (230)
2014/03/20 21:54:18 [warning] [application] Failed to set unsafe attribute "logondate" of "CrugeStoredUser".
in C:\xampp\htdocs\yii\SistemaReservaSalasYii\protected\modules\cruge\models\data\CrugeStoredUser.php (134)
in C:\xampp\htdocs\yii\SistemaReservaSalasYii\protected\modules\cruge\controllers\UiController.php (240)
in C:\xampp\htdocs\yii\SistemaReservaSalasYii\protected\modules\cruge\controllers\UiController.php (230)
2014/03/20 22:12:03 [error] [exception.CrugeException.401] action_reservasala_misReservas<br/>401
REQUEST_URI=/yii/SistemaReservaSalasYii/index.php?r=reservasala/misReservas
HTTP_REFERER=http://127.0.0.1/yii/SistemaReservaSalasYii/index.php
---
2014/03/20 22:13:35 [error] [exception.CException] exception 'CException' with message 'Property "Sala.fecha_entrega" is not defined.' in C:\xampp\htdocs\yii\framework\base\CComponent.php:130
Stack trace:
#0 C:\xampp\htdocs\yii\framework\db\ar\CActiveRecord.php(145): CComponent->__get('fecha_entrega')
#1 C:\xampp\htdocs\yii\framework\base\CComponent.php(612) : eval()'d code(1): CActiveRecord->__get('fecha_entrega')
#2 C:\xampp\htdocs\yii\framework\base\CComponent.php(612): eval()
#3 C:\xampp\htdocs\yii\framework\zii\widgets\grid\CButtonColumn.php(337): CComponent->evaluateExpression('($data->fecha_e...', Array)
#4 C:\xampp\htdocs\yii\framework\zii\widgets\grid\CButtonColumn.php(319): CButtonColumn->renderButton('Reservar', Array, 0, Object(Sala))
#5 C:\xampp\htdocs\yii\framework\zii\widgets\grid\CGridColumn.php(151): CButtonColumn->renderDataCellContent(0, Object(Sala))
#6 C:\xampp\htdocs\yii\framework\zii\widgets\grid\CGridView.php(616): CGridColumn->renderDataCell(0)
#7 C:\xampp\htdocs\yii\framework\zii\widgets\grid\CGridView.php(572): CGridView->renderTableRow(0)
#8 C:\xampp\htdocs\yii\framework\zii\widgets\grid\CGridView.php(482): CGridView->renderTableBody()
#9 C:\xampp\htdocs\yii\framework\zii\widgets\CBaseListView.php(167): CGridView->renderItems()
#10 [internal function]: CBaseListView->renderSection(Array)
#11 C:\xampp\htdocs\yii\framework\zii\widgets\CBaseListView.php(150): preg_replace_callback('/{(\w+)}/', Array, '{summary}?{item...')
#12 C:\xampp\htdocs\yii\framework\zii\widgets\CBaseListView.php(135): CBaseListView->renderContent()
#13 C:\xampp\htdocs\yii\framework\web\CBaseController.php(173): CBaseListView->run()
#14 C:\xampp\htdocs\yii\SistemaReservaSalasYii\protected\views\reservaSala\reservaSala.php(38): CBaseController->widget('zii.widgets.gri...', Array)
#15 C:\xampp\htdocs\yii\framework\web\CBaseController.php(126): require('C:\xampp\htdocs...')
#16 C:\xampp\htdocs\yii\framework\web\CBaseController.php(95): CBaseController->renderInternal('C:\xampp\htdocs...', Array, true)
#17 C:\xampp\htdocs\yii\framework\web\CController.php(869): CBaseController->renderFile('C:\xampp\htdocs...', Array, true)
#18 C:\xampp\htdocs\yii\framework\web\CController.php(782): CController->renderPartial('reservaSala', Array, true)
#19 C:\xampp\htdocs\yii\SistemaReservaSalasYii\protected\controllers\ReservaSalaController.php(51): CController->render('reservaSala', Array)
#20 C:\xampp\htdocs\yii\framework\web\actions\CInlineAction.php(49): ReservaSalaController->actionReservaSala()
#21 C:\xampp\htdocs\yii\framework\web\CController.php(308): CInlineAction->runWithParams(Array)
#22 C:\xampp\htdocs\yii\framework\web\filters\CFilterChain.php(133): CController->runAction(Object(CInlineAction))
#23 C:\xampp\htdocs\yii\SistemaReservaSalasYii\protected\modules\cruge\components\CrugeAccessControlFilter.php(90): CFilterChain->run()
#24 C:\xampp\htdocs\yii\framework\web\filters\CFilter.php(38): CrugeAccessControlFilter->preFilter(Object(CFilterChain))
#25 C:\xampp\htdocs\yii\framework\web\filters\CFilterChain.php(130): CFilter->filter(Object(CFilterChain))
#26 C:\xampp\htdocs\yii\framework\web\CController.php(291): CFilterChain->run()
#27 C:\xampp\htdocs\yii\framework\web\CController.php(265): CController->runActionWithFilters(Object(CInlineAction), Array)
#28 C:\xampp\htdocs\yii\framework\web\CWebApplication.php(282): CController->run('reservaSala')
#29 C:\xampp\htdocs\yii\framework\web\CWebApplication.php(141): CWebApplication->runController('reservasala/res...')
#30 C:\xampp\htdocs\yii\framework\base\CApplication.php(180): CWebApplication->processRequest()
#31 C:\xampp\htdocs\yii\SistemaReservaSalasYii\index.php(13): CApplication->run()
#32 {main}
REQUEST_URI=/yii/SistemaReservaSalasYii/index.php?r=reservasala/reservaSala
HTTP_REFERER=http://127.0.0.1/yii/SistemaReservaSalasYii/index.php?r=reservasala/misReservas
---
2014/03/20 22:16:05 [error] [exception.CHttpException.400] exception 'CHttpException' with message 'Your request is invalid.' in C:\xampp\htdocs\yii\framework\web\CController.php:336
Stack trace:
#0 C:\xampp\htdocs\yii\framework\web\CController.php(309): CController->invalidActionParams(Object(CInlineAction))
#1 C:\xampp\htdocs\yii\framework\web\filters\CFilterChain.php(133): CController->runAction(Object(CInlineAction))
#2 C:\xampp\htdocs\yii\SistemaReservaSalasYii\protected\modules\cruge\components\CrugeAccessControlFilter.php(90): CFilterChain->run()
#3 C:\xampp\htdocs\yii\framework\web\filters\CFilter.php(38): CrugeAccessControlFilter->preFilter(Object(CFilterChain))
#4 C:\xampp\htdocs\yii\framework\web\filters\CFilterChain.php(130): CFilter->filter(Object(CFilterChain))
#5 C:\xampp\htdocs\yii\framework\web\CController.php(291): CFilterChain->run()
#6 C:\xampp\htdocs\yii\framework\web\CController.php(265): CController->runActionWithFilters(Object(CInlineAction), Array)
#7 C:\xampp\htdocs\yii\framework\web\CWebApplication.php(282): CController->run('reservar')
#8 C:\xampp\htdocs\yii\framework\web\CWebApplication.php(141): CWebApplication->runController('reservasala/res...')
#9 C:\xampp\htdocs\yii\framework\base\CApplication.php(180): CWebApplication->processRequest()
#10 C:\xampp\htdocs\yii\SistemaReservaSalasYii\index.php(13): CApplication->run()
#11 {main}
REQUEST_URI=/yii/SistemaReservaSalasYii/index.php?r=reservasala/reservar&id_reserva=1
HTTP_REFERER=http://127.0.0.1/yii/SistemaReservaSalasYii/index.php?r=reservasala/reservaSala
---
2014/03/20 22:17:38 [error] [exception.CHttpException.400] exception 'CHttpException' with message 'Your request is invalid.' in C:\xampp\htdocs\yii\framework\web\CController.php:336
Stack trace:
#0 C:\xampp\htdocs\yii\framework\web\CController.php(309): CController->invalidActionParams(Object(CInlineAction))
#1 C:\xampp\htdocs\yii\framework\web\filters\CFilterChain.php(133): CController->runAction(Object(CInlineAction))
#2 C:\xampp\htdocs\yii\SistemaReservaSalasYii\protected\modules\cruge\components\CrugeAccessControlFilter.php(90): CFilterChain->run()
#3 C:\xampp\htdocs\yii\framework\web\filters\CFilter.php(38): CrugeAccessControlFilter->preFilter(Object(CFilterChain))
#4 C:\xampp\htdocs\yii\framework\web\filters\CFilterChain.php(130): CFilter->filter(Object(CFilterChain))
#5 C:\xampp\htdocs\yii\framework\web\CController.php(291): CFilterChain->run()
#6 C:\xampp\htdocs\yii\framework\web\CController.php(265): CController->runActionWithFilters(Object(CInlineAction), Array)
#7 C:\xampp\htdocs\yii\framework\web\CWebApplication.php(282): CController->run('entregar')
#8 C:\xampp\htdocs\yii\framework\web\CWebApplication.php(141): CWebApplication->runController('reservasala/ent...')
#9 C:\xampp\htdocs\yii\framework\base\CApplication.php(180): CWebApplication->processRequest()
#10 C:\xampp\htdocs\yii\SistemaReservaSalasYii\index.php(13): CApplication->run()
#11 {main}
REQUEST_URI=/yii/SistemaReservaSalasYii/index.php?r=reservasala/entregar&id=15
HTTP_REFERER=http://127.0.0.1/yii/SistemaReservaSalasYii/index.php?r=reservasala/misReservas
---
2014/03/20 22:18:08 [error] [system.db.CDbCommand] CDbCommand::execute() failed: SQLSTATE[42000]: Syntax error or access violation: 1305 PROCEDURE reserva_salas_db.SET_ENTREGA does not exist. The SQL statement executed was: call SET_ENTREGA(15).
in C:\xampp\htdocs\yii\SistemaReservaSalasYii\protected\controllers\ReservaSalaController.php (71)
in C:\xampp\htdocs\yii\SistemaReservaSalasYii\protected\modules\cruge\components\CrugeAccessControlFilter.php (90)
in C:\xampp\htdocs\yii\SistemaReservaSalasYii\index.php (13)
2014/03/20 22:18:08 [error] [exception.CDbException] exception 'CDbException' with message 'CDbCommand failed to execute the SQL statement: SQLSTATE[42000]: Syntax error or access violation: 1305 PROCEDURE reserva_salas_db.SET_ENTREGA does not exist. The SQL statement executed was: call SET_ENTREGA(15)' in C:\xampp\htdocs\yii\framework\db\CDbCommand.php:358
Stack trace:
#0 C:\xampp\htdocs\yii\SistemaReservaSalasYii\protected\controllers\ReservaSalaController.php(71): CDbCommand->execute()
#1 [internal function]: ReservaSalaController->actionEntregar('15')
#2 C:\xampp\htdocs\yii\framework\web\actions\CAction.php(108): ReflectionMethod->invokeArgs(Object(ReservaSalaController), Array)
#3 C:\xampp\htdocs\yii\framework\web\actions\CInlineAction.php(47): CAction->runWithParamsInternal(Object(ReservaSalaController), Object(ReflectionMethod), Array)
#4 C:\xampp\htdocs\yii\framework\web\CController.php(308): CInlineAction->runWithParams(Array)
#5 C:\xampp\htdocs\yii\framework\web\filters\CFilterChain.php(133): CController->runAction(Object(CInlineAction))
#6 C:\xampp\htdocs\yii\SistemaReservaSalasYii\protected\modules\cruge\components\CrugeAccessControlFilter.php(90): CFilterChain->run()
#7 C:\xampp\htdocs\yii\framework\web\filters\CFilter.php(38): CrugeAccessControlFilter->preFilter(Object(CFilterChain))
#8 C:\xampp\htdocs\yii\framework\web\filters\CFilterChain.php(130): CFilter->filter(Object(CFilterChain))
#9 C:\xampp\htdocs\yii\framework\web\CController.php(291): CFilterChain->run()
#10 C:\xampp\htdocs\yii\framework\web\CController.php(265): CController->runActionWithFilters(Object(CInlineAction), Array)
#11 C:\xampp\htdocs\yii\framework\web\CWebApplication.php(282): CController->run('entregar')
#12 C:\xampp\htdocs\yii\framework\web\CWebApplication.php(141): CWebApplication->runController('reservasala/ent...')
#13 C:\xampp\htdocs\yii\framework\base\CApplication.php(180): CWebApplication->processRequest()
#14 C:\xampp\htdocs\yii\SistemaReservaSalasYii\index.php(13): CApplication->run()
#15 {main}
REQUEST_URI=/yii/SistemaReservaSalasYii/index.php?r=reservasala/entregar&id_reserva=15
HTTP_REFERER=http://127.0.0.1/yii/SistemaReservaSalasYii/index.php?r=reservasala/misReservas
---
2014/03/20 22:18:58 [error] [system.db.CDbCommand] CDbCommand::execute() failed: SQLSTATE[42000]: Syntax error or access violation: 1305 PROCEDURE reserva_salas_db.SET_ENTREGA does not exist. The SQL statement executed was: call SET_ENTREGA($id_reserva).
in C:\xampp\htdocs\yii\SistemaReservaSalasYii\protected\controllers\ReservaSalaController.php (71)
in C:\xampp\htdocs\yii\SistemaReservaSalasYii\protected\modules\cruge\components\CrugeAccessControlFilter.php (90)
in C:\xampp\htdocs\yii\SistemaReservaSalasYii\index.php (13)
2014/03/20 22:18:58 [error] [exception.CDbException] exception 'CDbException' with message 'CDbCommand failed to execute the SQL statement: SQLSTATE[42000]: Syntax error or access violation: 1305 PROCEDURE reserva_salas_db.SET_ENTREGA does not exist. The SQL statement executed was: call SET_ENTREGA($id_reserva)' in C:\xampp\htdocs\yii\framework\db\CDbCommand.php:358
Stack trace:
#0 C:\xampp\htdocs\yii\SistemaReservaSalasYii\protected\controllers\ReservaSalaController.php(71): CDbCommand->execute()
#1 [internal function]: ReservaSalaController->actionEntregar('15')
#2 C:\xampp\htdocs\yii\framework\web\actions\CAction.php(108): ReflectionMethod->invokeArgs(Object(ReservaSalaController), Array)
#3 C:\xampp\htdocs\yii\framework\web\actions\CInlineAction.php(47): CAction->runWithParamsInternal(Object(ReservaSalaController), Object(ReflectionMethod), Array)
#4 C:\xampp\htdocs\yii\framework\web\CController.php(308): CInlineAction->runWithParams(Array)
#5 C:\xampp\htdocs\yii\framework\web\filters\CFilterChain.php(133): CController->runAction(Object(CInlineAction))
#6 C:\xampp\htdocs\yii\SistemaReservaSalasYii\protected\modules\cruge\components\CrugeAccessControlFilter.php(90): CFilterChain->run()
#7 C:\xampp\htdocs\yii\framework\web\filters\CFilter.php(38): CrugeAccessControlFilter->preFilter(Object(CFilterChain))
#8 C:\xampp\htdocs\yii\framework\web\filters\CFilterChain.php(130): CFilter->filter(Object(CFilterChain))
#9 C:\xampp\htdocs\yii\framework\web\CController.php(291): CFilterChain->run()
#10 C:\xampp\htdocs\yii\framework\web\CController.php(265): CController->runActionWithFilters(Object(CInlineAction), Array)
#11 C:\xampp\htdocs\yii\framework\web\CWebApplication.php(282): CController->run('entregar')
#12 C:\xampp\htdocs\yii\framework\web\CWebApplication.php(141): CWebApplication->runController('reservasala/ent...')
#13 C:\xampp\htdocs\yii\framework\base\CApplication.php(180): CWebApplication->processRequest()
#14 C:\xampp\htdocs\yii\SistemaReservaSalasYii\index.php(13): CApplication->run()
#15 {main}
REQUEST_URI=/yii/SistemaReservaSalasYii/index.php?r=reservasala/entregar&id_reserva=15
HTTP_REFERER=http://127.0.0.1/yii/SistemaReservaSalasYii/index.php?r=reservasala/misReservas
---
2014/03/20 22:19:25 [error] [system.db.CDbCommand] CDbCommand::execute() failed: SQLSTATE[42000]: Syntax error or access violation: 1305 PROCEDURE reserva_salas_db.SET_ENTREGA does not exist. The SQL statement executed was: call SET_ENTREGA("15").
in C:\xampp\htdocs\yii\SistemaReservaSalasYii\protected\controllers\ReservaSalaController.php (71)
in C:\xampp\htdocs\yii\SistemaReservaSalasYii\protected\modules\cruge\components\CrugeAccessControlFilter.php (90)
in C:\xampp\htdocs\yii\SistemaReservaSalasYii\index.php (13)
2014/03/20 22:19:25 [error] [exception.CDbException] exception 'CDbException' with message 'CDbCommand failed to execute the SQL statement: SQLSTATE[42000]: Syntax error or access violation: 1305 PROCEDURE reserva_salas_db.SET_ENTREGA does not exist. The SQL statement executed was: call SET_ENTREGA("15")' in C:\xampp\htdocs\yii\framework\db\CDbCommand.php:358
Stack trace:
#0 C:\xampp\htdocs\yii\SistemaReservaSalasYii\protected\controllers\ReservaSalaController.php(71): CDbCommand->execute()
#1 [internal function]: ReservaSalaController->actionEntregar('15')
#2 C:\xampp\htdocs\yii\framework\web\actions\CAction.php(108): ReflectionMethod->invokeArgs(Object(ReservaSalaController), Array)
#3 C:\xampp\htdocs\yii\framework\web\actions\CInlineAction.php(47): CAction->runWithParamsInternal(Object(ReservaSalaController), Object(ReflectionMethod), Array)
#4 C:\xampp\htdocs\yii\framework\web\CController.php(308): CInlineAction->runWithParams(Array)
#5 C:\xampp\htdocs\yii\framework\web\filters\CFilterChain.php(133): CController->runAction(Object(CInlineAction))
#6 C:\xampp\htdocs\yii\SistemaReservaSalasYii\protected\modules\cruge\components\CrugeAccessControlFilter.php(90): CFilterChain->run()
#7 C:\xampp\htdocs\yii\framework\web\filters\CFilter.php(38): CrugeAccessControlFilter->preFilter(Object(CFilterChain))
#8 C:\xampp\htdocs\yii\framework\web\filters\CFilterChain.php(130): CFilter->filter(Object(CFilterChain))
#9 C:\xampp\htdocs\yii\framework\web\CController.php(291): CFilterChain->run()
#10 C:\xampp\htdocs\yii\framework\web\CController.php(265): CController->runActionWithFilters(Object(CInlineAction), Array)
#11 C:\xampp\htdocs\yii\framework\web\CWebApplication.php(282): CController->run('entregar')
#12 C:\xampp\htdocs\yii\framework\web\CWebApplication.php(141): CWebApplication->runController('reservasala/ent...')
#13 C:\xampp\htdocs\yii\framework\base\CApplication.php(180): CWebApplication->processRequest()
#14 C:\xampp\htdocs\yii\SistemaReservaSalasYii\index.php(13): CApplication->run()
#15 {main}
REQUEST_URI=/yii/SistemaReservaSalasYii/index.php?r=reservasala/entregar&id_reserva=15
HTTP_REFERER=http://127.0.0.1/yii/SistemaReservaSalasYii/index.php?r=reservasala/misReservas
---
2014/03/20 22:22:52 [error] [exception.CrugeException.401] action_reservasala_index<br/>401
REQUEST_URI=/yii/SistemaReservaSalasYii/index.php?r=reservasala/index
HTTP_REFERER=http://127.0.0.1/yii/SistemaReservaSalasYii/index.php?r=reservasala/reservaSala
---
2014/03/21 21:10:23 [error] [exception.CrugeException.401] action_alumno_miAccion<br/>401
REQUEST_URI=/yii/SistemaReservaSalasYii/index.php?r=alumno/miAccion
---
